-------------
Bob is waking up the animals!
-------------
Bob is waking up Cersei
Cersei the cat has woken up!
Bob is waking up Cameron
Cameron the cat has woken up!
Bob is waking up Tim
Tim the tiger has woken up!
Bob is waking up Tammy
Tammy the tiger has woken up!
Bob is waking up Leo
Leo the lion has woken up!
Bob is waking up Lenny
Lenny the lion has woken up!
Bob is waking up Ella
Ella the elephant has woken up!
Bob is waking up Ed
Ed the elephant has woken up!
Bob is waking up Rea
Rea the rhino has woken up!
Bob is waking up Rob
Rob the rhino has woken up!
Bob is waking up Homer
Homer the hippo has woken up!
Bob is waking up Haley
Haley the hippo has woken up!
Bob is waking up Doug
Doug the dog has woken up!
Bob is waking up Daniel
Daniel the dog has woken up!
Bob is waking up Wesley
Wesley the wolf has woken up!
Bob is waking up Wanda
Wanda the wolf has woken up!
-------------
Bob is roll calling the animals now!
-------------
Bob called to Cersei
Cersei the cat meowed enthusiastically.
Bob called to Cameron
Cameron the cat meowed enthusiastically.
Bob called to Tim
Tim the tiger let out a big roar!
Bob called to Tammy
Tammy the tiger let out a big roar!
Bob called to Leo
Leo the lion let out a big roar!
Bob called to Lenny
Lenny the lion let out a big roar!
Bob called to Ella
Ella the elephant trumpeted loudly!
Bob called to Ed
Ed the elephant trumpeted loudly!
Bob called to Rea
Rea the rhino snorted!
Bob called to Rob
Rob the rhino snorted!
Bob called to Homer
Homer the hippo bellowed!
Bob called to Haley
Haley the hippo bellowed!
Bob called to Doug
Doug the dog howled into the air!
Bob called to Daniel
Daniel the dog let out a bark!
Bob called to Wesley
Wesley the wolf growled.
Bob called to Wanda
Wanda the wolf howled into the air!
-------------
Bob is feeding the animals now!
-------------
Bob is feeding Cersei
Cersei the cat ate their tuna.
Bob is feeding Cameron
Cameron the cat ate their tuna.
Bob is feeding Tim
Tim the tiger ate their meat.
Bob is feeding Tammy
Tammy the tiger ate their meat.
Bob is feeding Leo
Leo the lion ate their meat.
Bob is feeding Lenny
Lenny the lion ate their meat.
Bob is feeding Ella
Ella the elephant ate all their veggies!
Bob is feeding Ed
Ed the elephant ate all their veggies!
Bob is feeding Rea
Rea the rhino ate all their veggies!
Bob is feeding Rob
Rob the rhino ate all their veggies!
Bob is feeding Homer
Homer the hippo ate all their veggies!
Bob is feeding Haley
Haley the hippo ate all their veggies!
Bob is feeding Doug
Doug the dog ate their kibble.
Bob is feeding Daniel
Daniel the dog ate their kibble.
Bob is feeding Wesley
Wesley the wolf ate their rabbit meat.
Bob is feeding Wanda
Wanda the wolf ate their rabbit meat.
-------------
Bob is exercising the animals now!
-------------
Bob just let out Cersei
Cersei the cat walked around their territory.
Bob just let out Cameron
Cameron the cat walked around their territory.
Bob just let out Tim
Tim the tiger walked around their territory.
Bob just let out Tammy
Tammy the tiger walked around their territory.
Bob just let out Leo
Leo the lion walked around their territory.
Bob just let out Lenny
Lenny the lion walked around their territory.
Bob just let out Ella
Ella the elephant walked around their enclosure
Bob just let out Ed
Ed the elephant walked around their enclosure
Bob just let out Rea
Rea the rhino walked around their enclosure
Bob just let out Rob
Rob the rhino walked around their enclosure
Bob just let out Homer
Homer the hippo walked around their enclosure
Bob just let out Haley
Haley the hippo walked around their enclosure
Bob just let out Doug
Doug the dog played with their toy!
Bob just let out Daniel
Daniel the dog played with their toy!
Bob just let out Wesley
Wesley the wolf inspected their territory.
Bob just let out Wanda
Wanda the wolf inspected their territory.
-------------
Bob is shutting down the zoo!
-------------
Bob said goodnight to Cersei
Cersei the cat has gone to bed.
Bob said goodnight to Cameron
Cameron the cat has gone to bed.
Bob said goodnight to Tim
Tim the tiger has gone to bed.
Bob said goodnight to Tammy
Tammy the tiger has gone to bed.
Bob said goodnight to Leo
Leo the lion has gone to bed.
Bob said goodnight to Lenny
Lenny the lion has gone to bed.
Bob said goodnight to Ella
Ella the elephant has gone to bed.
Bob said goodnight to Ed
Ed the elephant has gone to bed.
Bob said goodnight to Rea
Rea the rhino has gone to bed.
Bob said goodnight to Rob
Rob the rhino has gone to bed.
Bob said goodnight to Homer
Homer the hippo has gone to bed.
Bob said goodnight to Haley
Haley the hippo has gone to bed.
Bob said goodnight to Doug
Doug the dog has gone to bed.
Bob said goodnight to Daniel
Daniel the dog has gone to bed.
Bob said goodnight to Wesley
Wesley the wolf has gone to bed.
Bob said goodnight to Wanda
Wanda the wolf has gone to bed.
